0 info it worked if it ends with ok
1 verbose cli [ 'C:\\Program Files\\nodejs\\node.exe',
1 verbose cli   'C:\\Program Files\\nodejs\\node_modules\\npm\\bin\\npm-cli.js',
1 verbose cli   'start' ]
2 info using npm@3.10.10
3 info using node@v6.10.0
4 verbose run-script [ 'prestart', 'start', 'poststart' ]
5 info lifecycle simple-crud@1.0.0~prestart: simple-crud@1.0.0
6 silly lifecycle simple-crud@1.0.0~prestart: no script for prestart, continuing
7 info lifecycle simple-crud@1.0.0~start: simple-crud@1.0.0
8 verbose lifecycle simple-crud@1.0.0~start: unsafe-perm in lifecycle true
9 verbose lifecycle simple-crud@1.0.0~start: PATH: C:\Program Files\nodejs\node_modules\npm\bin\node-gyp-bin;D:\Github\graphql-schema-decorator\examples\simple-crud\node_modules\.bin;C:\Windows\system32;C:\Windows;C:\Windows\System32\Wbem;C:\Windows\System32\WindowsPowerShell\v1.0\;C:\Program Files\nodejs\;C:\Program Files (x86)\Windows Kits\10\Windows Performance Toolkit\;C:\Program Files\Microsoft SQL Server\130\Tools\Binn\;C:\Program Files\dotnet\;C:\Program Files (x86)\Microsoft SQL Server\130\DTS\Binn\;C:\Program Files\Microsoft SQL Server\130\DTS\Binn\;C:\Program Files\Microsoft SQL Server\Client SDK\ODBC\130\Tools\Binn\;C:\Program Files (x86)\Microsoft SQL Server\130\Tools\Binn\;C:\Program Files (x86)\Microsoft SQL Server\Client SDK\ODBC\130\Tools\Binn\;C:\Program Files (x86)\Microsoft SQL Server\130\Tools\Binn\ManagementStudio\;D:\Program Files (x86)\Windows Kits\8.1\Windows Performance Toolkit\;C:\Program Files\Git\cmd;C:\Users\e.zibzibadze\AppData\Roaming\npm;C:\Windows\system32;C:\Windows;C:\Windows\System32\Wbem;C:\Windows\System32\WindowsPowerShell\v1.0\;C:\Program Files\nodejs\;C:\Program Files (x86)\Windows Kits\10\Windows Performance Toolkit\;C:\Program Files\Microsoft SQL Server\130\Tools\Binn\;C:\Program Files\dotnet\;C:\Program Files (x86)\Microsoft SQL Server\130\DTS\Binn\;C:\Program Files\Microsoft SQL Server\130\DTS\Binn\;C:\Program Files\Microsoft SQL Server\Client SDK\ODBC\130\Tools\Binn\;C:\Program Files (x86)\Microsoft SQL Server\130\Tools\Binn\;C:\Program Files (x86)\Microsoft SQL Server\Client SDK\ODBC\130\Tools\Binn\;C:\Program Files (x86)\Microsoft SQL Server\130\Tools\Binn\ManagementStudio\;D:\Program Files (x86)\Windows Kits\8.1\Windows Performance Toolkit\;C:\Program Files\Git\cmd;D:\android-sdk\tools;D:\android-sdk\platform-tools;C:\Program Files\Microsoft VS Code\bin
10 verbose lifecycle simple-crud@1.0.0~start: CWD: D:\Github\graphql-schema-decorator\examples\simple-crud
11 silly lifecycle simple-crud@1.0.0~start: Args: [ '/d /s /c', 'npm run compile && node .built/server.js' ]
12 silly lifecycle simple-crud@1.0.0~start: Returned: code: 1  signal: null
13 info lifecycle simple-crud@1.0.0~start: Failed to exec start script
14 verbose stack Error: simple-crud@1.0.0 start: `npm run compile && node .built/server.js`
14 verbose stack Exit status 1
14 verbose stack     at EventEmitter.<anonymous> (C:\Program Files\nodejs\node_modules\npm\lib\utils\lifecycle.js:255:16)
14 verbose stack     at emitTwo (events.js:106:13)
14 verbose stack     at EventEmitter.emit (events.js:191:7)
14 verbose stack     at ChildProcess.<anonymous> (C:\Program Files\nodejs\node_modules\npm\lib\utils\spawn.js:40:14)
14 verbose stack     at emitTwo (events.js:106:13)
14 verbose stack     at ChildProcess.emit (events.js:191:7)
14 verbose stack     at maybeClose (internal/child_process.js:877:16)
14 verbose stack     at Process.ChildProcess._handle.onexit (internal/child_process.js:226:5)
15 verbose pkgid simple-crud@1.0.0
16 verbose cwd D:\Github\graphql-schema-decorator\examples\simple-crud
17 error Windows_NT 6.3.9600
18 error argv "C:\\Program Files\\nodejs\\node.exe" "C:\\Program Files\\nodejs\\node_modules\\npm\\bin\\npm-cli.js" "start"
19 error node v6.10.0
20 error npm  v3.10.10
21 error code ELIFECYCLE
22 error simple-crud@1.0.0 start: `npm run compile && node .built/server.js`
22 error Exit status 1
23 error Failed at the simple-crud@1.0.0 start script 'npm run compile && node .built/server.js'.
23 error Make sure you have the latest version of node.js and npm installed.
23 error If you do, this is most likely a problem with the simple-crud package,
23 error not with npm itself.
23 error Tell the author that this fails on your system:
23 error     npm run compile && node .built/server.js
23 error You can get information on how to open an issue for this project with:
23 error     npm bugs simple-crud
23 error Or if that isn't available, you can get their info via:
23 error     npm owner ls simple-crud
23 error There is likely additional logging output above.
24 verbose exit [ 1, true ]
